Started by user admin
 > git rev-parse --resolve-git-dir /var/lib/jenkins/caches/git-e45ffe31ee5e4cf54e0569fe1e202e99/.git # timeout=10
Setting origin to https://github.com/kkhimani/EdurekaProject.git
 > git config remote.origin.url https://github.com/kkhimani/EdurekaProject.git # timeout=10
Fetching origin...
Fetching upstream changes from origin
 > git --version # timeout=10
 > git --version # 'git version 2.17.1'
 > git config --get remote.origin.url # timeout=10
 > git fetch --tags --progress -- origin +refs/heads/*:refs/remotes/origin/* # timeout=10
Seen branch in repository origin/master
Seen 1 remote branch
Obtained Jenkinsfile from 5cbbf127c29b5714599ea060afffb99bd450fb2f
[Pipeline] Start of Pipeline
[Pipeline] node
Running on Jenkins in /var/lib/jenkins/workspace/MultiBranch_master
[Pipeline] {
[Pipeline] stage
[Pipeline] { (Declarative: Checkout SCM)
[Pipeline] checkout
Selected Git installation does not exist. Using Default
The recommended git tool is: NONE
No credentials specified
 > git rev-parse --resolve-git-dir /var/lib/jenkins/workspace/MultiBranch_master/.git # timeout=10
Fetching changes from the remote Git repository
 > git config remote.origin.url https://github.com/kkhimani/EdurekaProject.git # timeout=10
Fetching without tags
Fetching upstream changes from https://github.com/kkhimani/EdurekaProject.git
 > git --version # timeout=10
 > git --version # 'git version 2.17.1'
 > git fetch --no-tags --progress -- https://github.com/kkhimani/EdurekaProject.git +refs/heads/*:refs/remotes/origin/* # timeout=10
Checking out Revision 5cbbf127c29b5714599ea060afffb99bd450fb2f (master)
 > git config core.sparsecheckout # timeout=10
 > git checkout -f 5cbbf127c29b5714599ea060afffb99bd450fb2f # timeout=10
Commit message: "Update Jenkinsfile"
 > git rev-list --no-walk cccf9672f9a0a125d8bd9302f6f922f586f19d6e # timeout=10
[Pipeline] }
[Pipeline] // stage
[Pipeline] withEnv
[Pipeline] {
[Pipeline] stage
[Pipeline] { (Declarative: Tool Install)
[Pipeline] tool
[Pipeline] envVarsForTool
[Pipeline] tool
[Pipeline] envVarsForTool
[Pipeline] }
[Pipeline] // stage
[Pipeline] withEnv
[Pipeline] {
[Pipeline] stage
[Pipeline] { (Checkout)
[Pipeline] node
Running on JenkinsSlave1 in /var/lib/jenkins/workspace/MultiBranch_master
[Pipeline] {
[Pipeline] checkout
Selected Git installation does not exist. Using Default
The recommended git tool is: NONE
No credentials specified
Fetching changes from the remote Git repository
 > git rev-parse --resolve-git-dir /var/lib/jenkins/workspace/MultiBranch_master/.git # timeout=10
Fetching without tags
 > git config remote.origin.url https://github.com/kkhimani/EdurekaProject.git # timeout=10
Fetching upstream changes from https://github.com/kkhimani/EdurekaProject.git
 > git --version # timeout=10
 > git --version # 'git version 2.17.1'
 > git fetch --no-tags --progress -- https://github.com/kkhimani/EdurekaProject.git +refs/heads/*:refs/remotes/origin/* # timeout=10
Checking out Revision 5cbbf127c29b5714599ea060afffb99bd450fb2f (master)
 > git config core.sparsecheckout # timeout=10
 > git checkout -f 5cbbf127c29b5714599ea060afffb99bd450fb2f # timeout=10
Commit message: "Update Jenkinsfile"
[Pipeline] withEnv
[Pipeline] {
[Pipeline] tool
[Pipeline] envVarsForTool
[Pipeline] tool
[Pipeline] envVarsForTool
[Pipeline] withEnv
[Pipeline] {
[Pipeline] echo
cloning..
[Pipeline] git
Selected Git installation does not exist. Using Default
The recommended git tool is: NONE
No credentials specified
Fetching changes from the remote Git repository
 > git rev-parse --resolve-git-dir /var/lib/jenkins/workspace/MultiBranch_master/.git # timeout=10
 > git config remote.origin.url https://github.com/kkhimani/EdurekaProject.git # timeout=10
Fetching upstream changes from https://github.com/kkhimani/EdurekaProject.git
 > git --version # timeout=10
 > git --version # 'git version 2.17.1'
 > git fetch --tags --progress -- https://github.com/kkhimani/EdurekaProject.git +refs/heads/*:refs/remotes/origin/* # timeout=10
Checking out Revision 5cbbf127c29b5714599ea060afffb99bd450fb2f (refs/remotes/origin/master)
Commit message: "Update Jenkinsfile"
[Pipeline] }
[Pipeline] // withEnv
[Pipeline] }
[Pipeline] // withEnv
 > git rev-parse refs/remotes/origin/master^{commit} # timeout=10
 > git config core.sparsecheckout # timeout=10
 > git checkout -f 5cbbf127c29b5714599ea060afffb99bd450fb2f # timeout=10
 > git branch -a -v --no-abbrev # timeout=10
 > git branch -D master # timeout=10
 > git checkout -b master 5cbbf127c29b5714599ea060afffb99bd450fb2f # timeout=10
[Pipeline] }
[Pipeline] // node
[Pipeline] }
[Pipeline] // stage
[Pipeline] stage
[Pipeline] { (Compile)
[Pipeline] node
Running on JenkinsSlave1 in /var/lib/jenkins/workspace/MultiBranch_master
[Pipeline] {
[Pipeline] checkout
Selected Git installation does not exist. Using Default
The recommended git tool is: NONE
No credentials specified
Fetching changes from the remote Git repository
Fetching without tags
Checking out Revision 5cbbf127c29b5714599ea060afffb99bd450fb2f (master)
Commit message: "Update Jenkinsfile"
[Pipeline] withEnv
[Pipeline] {
[Pipeline] tool
[Pipeline] envVarsForTool
 > git rev-parse --resolve-git-dir /var/lib/jenkins/workspace/MultiBranch_master/.git # timeout=10
 > git config remote.origin.url https://github.com/kkhimani/EdurekaProject.git # timeout=10
Fetching upstream changes from https://github.com/kkhimani/EdurekaProject.git
 > git --version # timeout=10
 > git --version # 'git version 2.17.1'
 > git fetch --no-tags --progress -- https://github.com/kkhimani/EdurekaProject.git +refs/heads/*:refs/remotes/origin/* # timeout=10
 > git config core.sparsecheckout # timeout=10
 > git checkout -f 5cbbf127c29b5714599ea060afffb99bd450fb2f # timeout=10
[Pipeline] tool
[Pipeline] envVarsForTool
[Pipeline] withEnv
[Pipeline] {
[Pipeline] echo
compiling..
[Pipeline] sh
+ mvn compile
[INFO] Scanning for projects...
[WARNING] 
[WARNING] Some problems were encountered while building the effective model for com.edurekademo.tutorial:addressbook:war:2.0
[WARNING] Reporting configuration should be done in <reporting> section, not in maven-site-plugin <configuration> as reportPlugins parameter. @ line 309, column 40
[WARNING] 
[WARNING] It is highly recommended to fix these problems because they threaten the stability of your build.
[WARNING] 
[WARNING] For this reason, future Maven versions might no longer support building such malformed projects.
[WARNING] 
[INFO] 
[INFO] ----------------< com.edurekademo.tutorial:addressbook >----------------
[INFO] Building Vaadin Addressbook example 2.0
[INFO]   from pom.xml
[INFO] --------------------------------[ war ]---------------------------------
[INFO] 
[INFO] --- enforcer:1.0:enforce (enforce-versions) @ addressbook ---
[INFO] 
[INFO] --- resources:3.3.1:resources (default-resources) @ addressbook ---
[INFO] skip non existing resourceDirectory /var/lib/jenkins/workspace/MultiBranch_master/src/main/resources
[INFO] 
[INFO] --- compiler:3.2:compile (default-compile) @ addressbook ---
[INFO] Nothing to compile - all classes are up to date
[INFO] ------------------------------------------------------------------------
[INFO] BUILD SUCCESS
[INFO] ------------------------------------------------------------------------
[INFO] Total time:  2.310 s
[INFO] Finished at: 2024-03-06T15:26:32Z
[INFO] ------------------------------------------------------------------------
[Pipeline] }
[Pipeline] // withEnv
[Pipeline] }
[Pipeline] // withEnv
[Pipeline] }
[Pipeline] // node
[Pipeline] }
[Pipeline] // stage
[Pipeline] stage
[Pipeline] { (CodeReview)
[Pipeline] node
Running on JenkinsSlave1 in /var/lib/jenkins/workspace/MultiBranch_master
[Pipeline] {
[Pipeline] checkout
Selected Git installation does not exist. Using Default
The recommended git tool is: NONE
No credentials specified
Fetching changes from the remote Git repository
Fetching without tags
Checking out Revision 5cbbf127c29b5714599ea060afffb99bd450fb2f (master)
Commit message: "Update Jenkinsfile"
[Pipeline] withEnv
[Pipeline] {
[Pipeline] tool
[Pipeline] envVarsForTool
 > git rev-parse --resolve-git-dir /var/lib/jenkins/workspace/MultiBranch_master/.git # timeout=10
 > git config remote.origin.url https://github.com/kkhimani/EdurekaProject.git # timeout=10
Fetching upstream changes from https://github.com/kkhimani/EdurekaProject.git
 > git --version # timeout=10
 > git --version # 'git version 2.17.1'
 > git fetch --no-tags --progress -- https://github.com/kkhimani/EdurekaProject.git +refs/heads/*:refs/remotes/origin/* # timeout=10
 > git config core.sparsecheckout # timeout=10
 > git checkout -f 5cbbf127c29b5714599ea060afffb99bd450fb2f # timeout=10
[Pipeline] tool
[Pipeline] envVarsForTool
[Pipeline] withEnv
[Pipeline] {
[Pipeline] echo
codeReview
[Pipeline] sh
+ mvn pmd:pmd
[INFO] Scanning for projects...
[WARNING] 
[WARNING] Some problems were encountered while building the effective model for com.edurekademo.tutorial:addressbook:war:2.0
[WARNING] Reporting configuration should be done in <reporting> section, not in maven-site-plugin <configuration> as reportPlugins parameter. @ line 309, column 40
[WARNING] 
[WARNING] It is highly recommended to fix these problems because they threaten the stability of your build.
[WARNING] 
[WARNING] For this reason, future Maven versions might no longer support building such malformed projects.
[WARNING] 
[WARNING] Could not transfer metadata org.apache.maven.plugins/maven-metadata.xml from/to maven-default-http-blocker (http://0.0.0.0/): Blocked mirror for repositories: [vaadin-snapshots (http://oss.sonatype.org/content/repositories/vaadin-snapshots/, default, snapshots)]
[WARNING] Could not transfer metadata org.codehaus.mojo/maven-metadata.xml from/to maven-default-http-blocker (http://0.0.0.0/): Blocked mirror for repositories: [vaadin-snapshots (http://oss.sonatype.org/content/repositories/vaadin-snapshots/, default, snapshots)]
[WARNING] Could not transfer metadata org.apache.maven.plugins:maven-pmd-plugin/maven-metadata.xml from/to maven-default-http-blocker (http://0.0.0.0/): Blocked mirror for repositories: [vaadin-snapshots (http://oss.sonatype.org/content/repositories/vaadin-snapshots/, default, snapshots)]
[INFO] 
[INFO] ----------------< com.edurekademo.tutorial:addressbook >----------------
[INFO] Building Vaadin Addressbook example 2.0
[INFO]   from pom.xml
[INFO] --------------------------------[ war ]---------------------------------
[WARNING] org.apache.maven.plugins/maven-metadata.xml failed to transfer from http://0.0.0.0/ during a previous attempt. This failure was cached in the local repository and resolution will not be reattempted until the update interval of maven-default-http-blocker has elapsed or updates are forced. Original error: Could not transfer metadata org.apache.maven.plugins/maven-metadata.xml from/to maven-default-http-blocker (http://0.0.0.0/): Blocked mirror for repositories: [vaadin-snapshots (http://oss.sonatype.org/content/repositories/vaadin-snapshots/, default, snapshots)]
[WARNING] org.codehaus.mojo/maven-metadata.xml failed to transfer from http://0.0.0.0/ during a previous attempt. This failure was cached in the local repository and resolution will not be reattempted until the update interval of maven-default-http-blocker has elapsed or updates are forced. Original error: Could not transfer metadata org.codehaus.mojo/maven-metadata.xml from/to maven-default-http-blocker (http://0.0.0.0/): Blocked mirror for repositories: [vaadin-snapshots (http://oss.sonatype.org/content/repositories/vaadin-snapshots/, default, snapshots)]
[INFO] 
[INFO] --- pmd:3.21.2:pmd (default-cli) @ addressbook ---
[WARNING] Unable to locate Source XRef to link to - DISABLED
[INFO] PMD version: 6.55.0
[INFO] Rendering content with org.apache.maven.skins:maven-default-skin:jar:1.3 skin.
[INFO] ------------------------------------------------------------------------
[INFO] BUILD SUCCESS
[INFO] ------------------------------------------------------------------------
[INFO] Total time:  6.827 s
[INFO] Finished at: 2024-03-06T15:26:45Z
[INFO] ------------------------------------------------------------------------
[Pipeline] }
[Pipeline] // withEnv
[Pipeline] }
[Pipeline] // withEnv
[Pipeline] }
[Pipeline] // node
[Pipeline] }
[Pipeline] // stage
[Pipeline] stage
[Pipeline] { (UnitTest)
[Pipeline] node
Running on JenkinsSlave1 in /var/lib/jenkins/workspace/MultiBranch_master
[Pipeline] {
[Pipeline] checkout
Selected Git installation does not exist. Using Default
The recommended git tool is: NONE
No credentials specified
Fetching changes from the remote Git repository
Fetching without tags
Checking out Revision 5cbbf127c29b5714599ea060afffb99bd450fb2f (master)
Commit message: "Update Jenkinsfile"
[Pipeline] withEnv
[Pipeline] {
[Pipeline] tool
[Pipeline] envVarsForTool
 > git rev-parse --resolve-git-dir /var/lib/jenkins/workspace/MultiBranch_master/.git # timeout=10
 > git config remote.origin.url https://github.com/kkhimani/EdurekaProject.git # timeout=10
Fetching upstream changes from https://github.com/kkhimani/EdurekaProject.git
 > git --version # timeout=10
 > git --version # 'git version 2.17.1'
 > git fetch --no-tags --progress -- https://github.com/kkhimani/EdurekaProject.git +refs/heads/*:refs/remotes/origin/* # timeout=10
 > git config core.sparsecheckout # timeout=10
 > git checkout -f 5cbbf127c29b5714599ea060afffb99bd450fb2f # timeout=10
[Pipeline] tool
[Pipeline] envVarsForTool
[Pipeline] withEnv
[Pipeline] {
[Pipeline] echo
Testing
[Pipeline] sh
+ mvn test
[INFO] Scanning for projects...
[WARNING] 
[WARNING] Some problems were encountered while building the effective model for com.edurekademo.tutorial:addressbook:war:2.0
[WARNING] Reporting configuration should be done in <reporting> section, not in maven-site-plugin <configuration> as reportPlugins parameter. @ line 309, column 40
[WARNING] 
[WARNING] It is highly recommended to fix these problems because they threaten the stability of your build.
[WARNING] 
[WARNING] For this reason, future Maven versions might no longer support building such malformed projects.
[WARNING] 
[INFO] 
[INFO] ----------------< com.edurekademo.tutorial:addressbook >----------------
[INFO] Building Vaadin Addressbook example 2.0
[INFO]   from pom.xml
[INFO] --------------------------------[ war ]---------------------------------
[INFO] 
[INFO] --- enforcer:1.0:enforce (enforce-versions) @ addressbook ---
[INFO] 
[INFO] --- resources:3.3.1:resources (default-resources) @ addressbook ---
[INFO] skip non existing resourceDirectory /var/lib/jenkins/workspace/MultiBranch_master/src/main/resources
[INFO] 
[INFO] --- compiler:3.2:compile (default-compile) @ addressbook ---
[INFO] Nothing to compile - all classes are up to date
[INFO] 
[INFO] --- resources:3.3.1:testResources (default-testResources) @ addressbook ---
[INFO] Copying 1 resource from src/test/resources to target/test-classes
[INFO] 
[INFO] --- compiler:3.2:testCompile (default-testCompile) @ addressbook ---
[INFO] Nothing to compile - all classes are up to date
[INFO] 
[INFO] --- surefire:2.19.1:test (default-test) @ addressbook ---

-------------------------------------------------------
 T E S T S
-------------------------------------------------------
Running com.edurekademo.utilities.TestLogger
SLF4J: Class path contains multiple SLF4J bindings.
SLF4J: Found binding in [jar:file:/root/.m2/repository/org/slf4j/slf4j-simple/1.7.7/slf4j-simple-1.7.7.jar!/org/slf4j/impl/StaticLoggerBinder.class]
SLF4J: Found binding in [jar:file:/root/.m2/repository/org/slf4j/slf4j-log4j12/1.7.7/slf4j-log4j12-1.7.7.jar!/org/slf4j/impl/StaticLoggerBinder.class]
SLF4J: See http://www.slf4j.org/codes.html#multiple_bindings for an explanation.
SLF4J: Actual binding is of type [org.slf4j.impl.SimpleLoggerFactory]
[pool-1-thread-1] INFO com.edurekademo.utilities.TestLogger - java.lang.ArithmeticException: / by zero
Cause:at com.edurekademo.utilities.TestLogger.testGetErrorMessage1(TestLogger.java:14)
Cause:at java.base/jdk.internal.reflect.NativeMethodAccessorImpl.invoke0(Native Method)
[pool-1-thread-4] INFO com.edurekademo.utilities.TestLogger - java.io.IOException: TESTIOEXCEPTION
Cause:at com.edurekademo.utilities.ExceptionThrower.doNothing(ExceptionThrower.java:18)
Cause:at com.edurekademo.utilities.TestLogger.testGetErrorMessage4(TestLogger.java:60)
[pool-1-thread-3] INFO com.edurekademo.utilities.TestLogger - java.lang.ArithmeticException: / by zero
Cause:at com.edurekademo.utilities.ExceptionThrower.getCounter(ExceptionThrower.java:13)
Cause:at com.edurekademo.utilities.TestLogger.testGetErrorMessage3(TestLogger.java:45)
[pool-1-thread-2] INFO com.edurekademo.utilities.TestLogger - java.lang.ArithmeticException: / by zero
Cause:at com.edurekademo.utilities.TestLogger.testGetErrorMessage2(TestLogger.java:30)
Cause:at java.base/jdk.internal.reflect.NativeMethodAccessorImpl.invoke0(Native Method)
[pool-1-thread-5] ERROR com.edurekademo.utilities.ExceptionThrower - java.lang.Exception: DEAR
Cause:at com.edurekademo.utilities.ExceptionThrower.doYYY(ExceptionThrower.java:35)
Cause:at com.edurekademo.utilities.ExceptionThrower.doXXX(ExceptionThrower.java:23)
[pool-1-thread-5] INFO com.edurekademo.utilities.TestLogger - java.lang.Exception: TEST MESSAGE
Cause:at com.edurekademo.utilities.ExceptionThrower.doCheck(ExceptionThrower.java:43)
Cause:at com.edurekademo.utilities.TestLogger.testGetErrorMessage5(TestLogger.java:75)
***** java.lang.Exception: TEST MESSAGE
Cause:at com.edurekademo.utilities.ExceptionThrower.doCheck(ExceptionThrower.java:43)
Cause:at com.edurekademo.utilities.TestLogger.testGetErrorMessage5(TestLogger.java:75)
Tests run: 5, Failures: 0, Errors: 0, Skipped: 0, Time elapsed: 0.075 sec - in com.edurekademo.utilities.TestLogger
Running com.edurekademo.utilities.TestHexAsciiConversion
74657374696e6720617363696920636f6e76657274696f6e20696e746f2068657861646563696d616c
testing ascii convertion into hexadecimal
Tests run: 4, Failures: 0, Errors: 0, Skipped: 0, Time elapsed: 0.061 sec - in com.edurekademo.utilities.TestHexAsciiConversion
Running com.edurekademo.utilities.TestGenericComparator
Tests run: 14, Failures: 0, Errors: 0, Skipped: 0, Time elapsed: 0.067 sec - in com.edurekademo.utilities.TestGenericComparator

Results :

Tests run: 23, Failures: 0, Errors: 0, Skipped: 0

[INFO] ------------------------------------------------------------------------
[INFO] BUILD SUCCESS
[INFO] ------------------------------------------------------------------------
[INFO] Total time:  4.216 s
[INFO] Finished at: 2024-03-06T15:26:56Z
[INFO] ------------------------------------------------------------------------
Post stage
[Pipeline] junit
Recording test results
[Checks API] No suitable checks publisher found.
[Pipeline] }
[Pipeline] // withEnv
[Pipeline] }
[Pipeline] // withEnv
[Pipeline] }
[Pipeline] // node
[Pipeline] }
[Pipeline] // stage
[Pipeline] stage
[Pipeline] { (Package)
[Pipeline] node
Running on JenkinsSlave1 in /var/lib/jenkins/workspace/MultiBranch_master
[Pipeline] {
[Pipeline] checkout
Selected Git installation does not exist. Using Default
The recommended git tool is: NONE
No credentials specified
Fetching changes from the remote Git repository
Fetching without tags
Checking out Revision 5cbbf127c29b5714599ea060afffb99bd450fb2f (master)
Commit message: "Update Jenkinsfile"
[Pipeline] withEnv
[Pipeline] {
[Pipeline] tool
[Pipeline] envVarsForTool
 > git rev-parse --resolve-git-dir /var/lib/jenkins/workspace/MultiBranch_master/.git # timeout=10
 > git config remote.origin.url https://github.com/kkhimani/EdurekaProject.git # timeout=10
Fetching upstream changes from https://github.com/kkhimani/EdurekaProject.git
 > git --version # timeout=10
 > git --version # 'git version 2.17.1'
 > git fetch --no-tags --progress -- https://github.com/kkhimani/EdurekaProject.git +refs/heads/*:refs/remotes/origin/* # timeout=10
 > git config core.sparsecheckout # timeout=10
 > git checkout -f 5cbbf127c29b5714599ea060afffb99bd450fb2f # timeout=10
[Pipeline] tool
[Pipeline] envVarsForTool
[Pipeline] withEnv
[Pipeline] {
[Pipeline] sh
+ mvn package
[INFO] Scanning for projects...
[WARNING] 
[WARNING] Some problems were encountered while building the effective model for com.edurekademo.tutorial:addressbook:war:2.0
[WARNING] Reporting configuration should be done in <reporting> section, not in maven-site-plugin <configuration> as reportPlugins parameter. @ line 309, column 40
[WARNING] 
[WARNING] It is highly recommended to fix these problems because they threaten the stability of your build.
[WARNING] 
[WARNING] For this reason, future Maven versions might no longer support building such malformed projects.
[WARNING] 
[INFO] 
[INFO] ----------------< com.edurekademo.tutorial:addressbook >----------------
[INFO] Building Vaadin Addressbook example 2.0
[INFO]   from pom.xml
[INFO] --------------------------------[ war ]---------------------------------
[INFO] 
[INFO] --- enforcer:1.0:enforce (enforce-versions) @ addressbook ---
[INFO] 
[INFO] --- resources:3.3.1:resources (default-resources) @ addressbook ---
[INFO] skip non existing resourceDirectory /var/lib/jenkins/workspace/MultiBranch_master/src/main/resources
[INFO] 
[INFO] --- compiler:3.2:compile (default-compile) @ addressbook ---
[INFO] Nothing to compile - all classes are up to date
[INFO] 
[INFO] --- resources:3.3.1:testResources (default-testResources) @ addressbook ---
[INFO] Copying 1 resource from src/test/resources to target/test-classes
[INFO] 
[INFO] --- compiler:3.2:testCompile (default-testCompile) @ addressbook ---
[INFO] Nothing to compile - all classes are up to date
[INFO] 
[INFO] --- surefire:2.19.1:test (default-test) @ addressbook ---

-------------------------------------------------------
 T E S T S
-------------------------------------------------------
Running com.edurekademo.utilities.TestLogger
[pool-1-thread-1] INFO com.edurekademo.utilities.TestLogger - java.lang.ArithmeticException: / by zero
Cause:at com.edurekademo.utilities.TestLogger.testGetErrorMessage1(TestLogger.java:14)
Cause:at java.base/jdk.internal.reflect.NativeMethodAccessorImpl.invoke0(Native Method)
[pool-1-thread-4] INFO com.edurekademo.utilities.TestLogger - java.io.IOException: TESTIOEXCEPTION
Cause:at com.edurekademo.utilities.ExceptionThrower.doNothing(ExceptionThrower.java:18)
Cause:at com.edurekademo.utilities.TestLogger.testGetErrorMessage4(TestLogger.java:60)
SLF4J: Class path contains multiple SLF4J bindings.
SLF4J: Found binding in [jar:file:/root/.m2/repository/org/slf4j/slf4j-simple/1.7.7/slf4j-simple-1.7.7.jar!/org/slf4j/impl/StaticLoggerBinder.class]
SLF4J: Found binding in [jar:file:/root/.m2/repository/org/slf4j/slf4j-log4j12/1.7.7/slf4j-log4j12-1.7.7.jar!/org/slf4j/impl/StaticLoggerBinder.class]
SLF4J: See http://www.slf4j.org/codes.html#multiple_bindings for an explanation.
SLF4J: Actual binding is of type [org.slf4j.impl.SimpleLoggerFactory]
[pool-1-thread-3] INFO com.edurekademo.utilities.TestLogger - java.lang.ArithmeticException: / by zero
Cause:at com.edurekademo.utilities.ExceptionThrower.getCounter(ExceptionThrower.java:13)
Cause:at com.edurekademo.utilities.TestLogger.testGetErrorMessage3(TestLogger.java:45)
[pool-1-thread-2] INFO com.edurekademo.utilities.TestLogger - java.lang.ArithmeticException: / by zero
Cause:at com.edurekademo.utilities.TestLogger.testGetErrorMessage2(TestLogger.java:30)
Cause:at java.base/jdk.internal.reflect.NativeMethodAccessorImpl.invoke0(Native Method)
[pool-1-thread-5] ERROR com.edurekademo.utilities.ExceptionThrower - java.lang.Exception: DEAR
Cause:at com.edurekademo.utilities.ExceptionThrower.doYYY(ExceptionThrower.java:35)
Cause:at com.edurekademo.utilities.ExceptionThrower.doXXX(ExceptionThrower.java:23)
[pool-1-thread-5] INFO com.edurekademo.utilities.TestLogger - java.lang.Exception: TEST MESSAGE
Cause:at com.edurekademo.utilities.ExceptionThrower.doCheck(ExceptionThrower.java:43)
Cause:at com.edurekademo.utilities.TestLogger.testGetErrorMessage5(TestLogger.java:75)
***** java.lang.Exception: TEST MESSAGE
Cause:at com.edurekademo.utilities.ExceptionThrower.doCheck(ExceptionThrower.java:43)
Cause:at com.edurekademo.utilities.TestLogger.testGetErrorMessage5(TestLogger.java:75)
Tests run: 5, Failures: 0, Errors: 0, Skipped: 0, Time elapsed: 0.056 sec - in com.edurekademo.utilities.TestLogger
Running com.edurekademo.utilities.TestHexAsciiConversion
74657374696e6720617363696920636f6e76657274696f6e20696e746f2068657861646563696d616c
testing ascii convertion into hexadecimal
Tests run: 4, Failures: 0, Errors: 0, Skipped: 0, Time elapsed: 0.044 sec - in com.edurekademo.utilities.TestHexAsciiConversion
Running com.edurekademo.utilities.TestGenericComparator
Tests run: 14, Failures: 0, Errors: 0, Skipped: 0, Time elapsed: 0.044 sec - in com.edurekademo.utilities.TestGenericComparator

Results :

Tests run: 23, Failures: 0, Errors: 0, Skipped: 0

[INFO] 
[INFO] --- war:3.4.0:war (default-war) @ addressbook ---
[INFO] Packaging webapp
[INFO] Assembling webapp [addressbook] in [/var/lib/jenkins/workspace/MultiBranch_master/target/addressbook]
[INFO] Processing war project
[INFO] Building war: /var/lib/jenkins/workspace/MultiBranch_master/target/addressbook.war
[INFO] ------------------------------------------------------------------------
[INFO] BUILD SUCCESS
[INFO] ------------------------------------------------------------------------
[INFO] Total time:  6.398 s
[INFO] Finished at: 2024-03-06T15:27:09Z
[INFO] ------------------------------------------------------------------------
[Pipeline] }
[Pipeline] // withEnv
[Pipeline] }
[Pipeline] // withEnv
[Pipeline] }
[Pipeline] // node
[Pipeline] }
[Pipeline] // stage
[Pipeline] }
[Pipeline] // withEnv
[Pipeline] }
[Pipeline] // withEnv
[Pipeline] }
[Pipeline] // node
[Pipeline] End of Pipeline
Finished: SUCCESS
